mode: set
github.com/Totarae/GophKeeper/internal/client/aes/decrypt.go:10.48,14.16 4 1
github.com/Totarae/GophKeeper/internal/client/aes/decrypt.go:14.16,16.3 1 0
github.com/Totarae/GophKeeper/internal/client/aes/decrypt.go:17.2,18.16 2 1
github.com/Totarae/GophKeeper/internal/client/aes/decrypt.go:18.16,20.3 1 0
github.com/Totarae/GophKeeper/internal/client/aes/decrypt.go:21.2,22.27 2 1
github.com/Totarae/GophKeeper/internal/client/aes/decrypt.go:22.27,24.3 1 1
github.com/Totarae/GophKeeper/internal/client/aes/decrypt.go:25.2,27.16 3 1
github.com/Totarae/GophKeeper/internal/client/aes/decrypt.go:27.16,29.3 1 1
github.com/Totarae/GophKeeper/internal/client/aes/decrypt.go:30.2,30.23 1 1
github.com/Totarae/GophKeeper/internal/client/aes/encrypt.go:11.48,15.16 4 1
github.com/Totarae/GophKeeper/internal/client/aes/encrypt.go:15.16,17.3 1 0
github.com/Totarae/GophKeeper/internal/client/aes/encrypt.go:18.2,19.16 2 1
github.com/Totarae/GophKeeper/internal/client/aes/encrypt.go:19.16,21.3 1 0
github.com/Totarae/GophKeeper/internal/client/aes/encrypt.go:22.2,23.59 2 1
github.com/Totarae/GophKeeper/internal/client/aes/encrypt.go:23.59,25.3 1 0
github.com/Totarae/GophKeeper/internal/client/aes/encrypt.go:26.2,27.24 2 1
github.com/Totarae/GophKeeper/internal/client/cli/cli.go:16.57,22.20 4 1
github.com/Totarae/GophKeeper/internal/client/cli/cli.go:22.20,24.21 2 1
github.com/Totarae/GophKeeper/internal/client/cli/cli.go:24.21,27.12 2 1
github.com/Totarae/GophKeeper/internal/client/cli/cli.go:30.3,35.10 5 1
github.com/Totarae/GophKeeper/internal/client/cli/cli.go:35.10,39.12 3 1
github.com/Totarae/GophKeeper/internal/client/cli/cli.go:42.3,43.17 2 1
github.com/Totarae/GophKeeper/internal/client/cli/cli.go:43.17,47.12 3 1
github.com/Totarae/GophKeeper/internal/client/cli/cli.go:50.3,51.18 2 1
github.com/Totarae/GophKeeper/internal/client/cli/cli.go:54.2,55.16 2 1
github.com/Totarae/GophKeeper/internal/client/cli/cli.go:55.16,57.3 1 0
github.com/Totarae/GophKeeper/internal/client/config/config.go:16.56,23.20 5 1
github.com/Totarae/GophKeeper/internal/client/config/config.go:23.20,26.3 2 1
github.com/Totarae/GophKeeper/internal/client/config/config.go:28.2,28.39 1 1
github.com/Totarae/GophKeeper/internal/client/config/config.go:28.39,30.3 1 0
github.com/Totarae/GophKeeper/internal/client/config/config.go:32.2,33.29 2 1
github.com/Totarae/GophKeeper/internal/client/config/config.go:33.29,36.3 2 1
github.com/Totarae/GophKeeper/internal/client/config/config.go:38.2,41.17 3 1
github.com/Totarae/GophKeeper/internal/client/config/config.go:44.35,46.2 1 1
github.com/Totarae/GophKeeper/internal/server/config/config.go:26.35,37.27 2 1
github.com/Totarae/GophKeeper/internal/server/config/config.go:37.27,39.3 1 1
github.com/Totarae/GophKeeper/internal/server/config/config.go:41.2,41.25 1 1
github.com/Totarae/GophKeeper/internal/server/config/config.go:41.25,43.3 1 1
github.com/Totarae/GophKeeper/internal/server/config/config.go:45.2,45.17 1 1
github.com/Totarae/GophKeeper/internal/server/config/config.go:48.46,50.17 2 1
github.com/Totarae/GophKeeper/internal/server/config/config.go:50.17,52.3 1 1
github.com/Totarae/GophKeeper/internal/server/config/config.go:53.2,53.14 1 1
github.com/Totarae/GophKeeper/internal/server/config/config.go:56.34,58.2 1 1
github.com/Totarae/GophKeeper/internal/server/config/config.go:60.74,62.17 2 1
github.com/Totarae/GophKeeper/internal/server/config/config.go:62.17,64.3 1 1
github.com/Totarae/GophKeeper/internal/server/config/config.go:66.2,67.16 2 1
github.com/Totarae/GophKeeper/internal/server/config/config.go:67.16,69.3 1 1
github.com/Totarae/GophKeeper/internal/server/config/config.go:70.2,70.17 1 1
github.com/Totarae/GophKeeper/internal/client/values/binary.go:11.37,11.58 1 1
github.com/Totarae/GophKeeper/internal/client/values/binary.go:13.49,15.2 1 1
github.com/Totarae/GophKeeper/internal/client/values/binary.go:17.40,18.22 1 1
github.com/Totarae/GophKeeper/internal/client/values/binary.go:18.22,20.3 1 1
github.com/Totarae/GophKeeper/internal/client/values/binary.go:21.2,21.12 1 1
github.com/Totarae/GophKeeper/internal/client/values/binary.go:24.39,26.2 1 1
github.com/Totarae/GophKeeper/internal/client/values/card.go:18.35,18.54 1 1
github.com/Totarae/GophKeeper/internal/client/values/card.go:20.47,22.16 2 1
github.com/Totarae/GophKeeper/internal/client/values/card.go:22.16,24.3 1 0
github.com/Totarae/GophKeeper/internal/client/values/card.go:25.2,25.56 1 1
github.com/Totarae/GophKeeper/internal/client/values/card.go:28.38,29.46 1 1
github.com/Totarae/GophKeeper/internal/client/values/card.go:29.46,31.3 1 1
github.com/Totarae/GophKeeper/internal/client/values/card.go:32.2,32.28 1 1
github.com/Totarae/GophKeeper/internal/client/values/card.go:32.28,34.3 1 0
github.com/Totarae/GophKeeper/internal/client/values/card.go:35.2,35.20 1 1
github.com/Totarae/GophKeeper/internal/client/values/card.go:35.20,37.3 1 1
github.com/Totarae/GophKeeper/internal/client/values/card.go:38.2,38.45 1 1
github.com/Totarae/GophKeeper/internal/client/values/card.go:38.45,40.3 1 1
github.com/Totarae/GophKeeper/internal/client/values/card.go:41.2,41.48 1 1
github.com/Totarae/GophKeeper/internal/client/values/card.go:41.48,43.3 1 1
github.com/Totarae/GophKeeper/internal/client/values/card.go:44.2,44.38 1 1
github.com/Totarae/GophKeeper/internal/client/values/card.go:44.38,46.3 1 1
github.com/Totarae/GophKeeper/internal/client/values/card.go:47.2,47.12 1 1
github.com/Totarae/GophKeeper/internal/client/values/card.go:50.37,52.2 1 1
github.com/Totarae/GophKeeper/internal/client/values/card.go:55.38,59.40 3 1
github.com/Totarae/GophKeeper/internal/client/values/card.go:59.40,61.33 2 1
github.com/Totarae/GophKeeper/internal/client/values/card.go:61.33,63.4 1 0
github.com/Totarae/GophKeeper/internal/client/values/card.go:64.3,66.13 2 1
github.com/Totarae/GophKeeper/internal/client/values/card.go:66.13,68.13 2 1
github.com/Totarae/GophKeeper/internal/client/values/card.go:68.13,70.5 1 0
github.com/Totarae/GophKeeper/internal/client/values/card.go:72.3,73.19 2 1
github.com/Totarae/GophKeeper/internal/client/values/card.go:75.2,75.20 1 1
github.com/Totarae/GophKeeper/internal/client/values/factory.go:11.44,12.19 1 1
github.com/Totarae/GophKeeper/internal/client/values/factory.go:12.19,14.3 1 1
github.com/Totarae/GophKeeper/internal/client/values/factory.go:16.2,17.16 2 1
github.com/Totarae/GophKeeper/internal/client/values/factory.go:17.16,19.3 1 1
github.com/Totarae/GophKeeper/internal/client/values/factory.go:20.2,22.13 2 1
github.com/Totarae/GophKeeper/internal/client/values/factory.go:23.25,24.37 1 1
github.com/Totarae/GophKeeper/internal/client/values/factory.go:25.16,26.33 1 1
github.com/Totarae/GophKeeper/internal/client/values/factory.go:27.18,28.35 1 1
github.com/Totarae/GophKeeper/internal/client/values/factory.go:29.16,30.33 1 1
github.com/Totarae/GophKeeper/internal/client/values/factory.go:31.10,32.47 1 0
github.com/Totarae/GophKeeper/internal/client/values/factory.go:36.69,38.16 2 1
github.com/Totarae/GophKeeper/internal/client/values/factory.go:38.16,40.3 1 1
github.com/Totarae/GophKeeper/internal/client/values/factory.go:42.2,42.13 1 1
github.com/Totarae/GophKeeper/internal/client/values/factory.go:43.25,44.20 1 1
github.com/Totarae/GophKeeper/internal/client/values/factory.go:44.20,46.4 1 1
github.com/Totarae/GophKeeper/internal/client/values/factory.go:47.3,51.38 2 1
github.com/Totarae/GophKeeper/internal/client/values/factory.go:51.38,53.4 1 0
github.com/Totarae/GophKeeper/internal/client/values/factory.go:54.3,54.16 1 1
github.com/Totarae/GophKeeper/internal/client/values/factory.go:55.16,56.20 1 1
github.com/Totarae/GophKeeper/internal/client/values/factory.go:56.20,58.4 1 1
github.com/Totarae/GophKeeper/internal/client/values/factory.go:59.3,60.38 2 1
github.com/Totarae/GophKeeper/internal/client/values/factory.go:60.38,62.4 1 0
github.com/Totarae/GophKeeper/internal/client/values/factory.go:63.3,63.16 1 1
github.com/Totarae/GophKeeper/internal/client/values/factory.go:64.18,65.20 1 1
github.com/Totarae/GophKeeper/internal/client/values/factory.go:65.20,67.4 1 1
github.com/Totarae/GophKeeper/internal/client/values/factory.go:68.3,69.17 2 1
github.com/Totarae/GophKeeper/internal/client/values/factory.go:69.17,71.4 1 1
github.com/Totarae/GophKeeper/internal/client/values/factory.go:72.3,73.38 2 1
github.com/Totarae/GophKeeper/internal/client/values/factory.go:73.38,75.4 1 0
github.com/Totarae/GophKeeper/internal/client/values/factory.go:76.3,76.16 1 1
github.com/Totarae/GophKeeper/internal/client/values/factory.go:77.16,78.20 1 1
github.com/Totarae/GophKeeper/internal/client/values/factory.go:78.20,80.4 1 1
github.com/Totarae/GophKeeper/internal/client/values/factory.go:81.3,82.17 2 1
github.com/Totarae/GophKeeper/internal/client/values/factory.go:82.17,84.4 1 1
github.com/Totarae/GophKeeper/internal/client/values/factory.go:85.3,86.17 2 1
github.com/Totarae/GophKeeper/internal/client/values/factory.go:86.17,88.4 1 1
github.com/Totarae/GophKeeper/internal/client/values/factory.go:89.3,96.38 2 1
github.com/Totarae/GophKeeper/internal/client/values/factory.go:96.38,98.4 1 0
github.com/Totarae/GophKeeper/internal/client/values/factory.go:99.3,99.16 1 1
github.com/Totarae/GophKeeper/internal/client/values/factory.go:100.10,101.63 1 0
github.com/Totarae/GophKeeper/internal/client/values/factory.go:105.40,109.2 3 1
github.com/Totarae/GophKeeper/internal/client/values/factory.go:111.56,113.52 2 1
github.com/Totarae/GophKeeper/internal/client/values/factory.go:113.52,115.3 1 1
github.com/Totarae/GophKeeper/internal/client/values/factory.go:116.2,116.16 1 1
github.com/Totarae/GophKeeper/internal/client/values/factory.go:119.52,121.52 2 1
github.com/Totarae/GophKeeper/internal/client/values/factory.go:121.52,123.3 1 1
github.com/Totarae/GophKeeper/internal/client/values/factory.go:124.2,124.16 1 1
github.com/Totarae/GophKeeper/internal/client/values/factory.go:127.54,129.16 2 1
github.com/Totarae/GophKeeper/internal/client/values/factory.go:129.16,131.3 1 1
github.com/Totarae/GophKeeper/internal/client/values/factory.go:132.2,132.38 1 1
github.com/Totarae/GophKeeper/internal/client/values/factory.go:135.52,137.52 2 1
github.com/Totarae/GophKeeper/internal/client/values/factory.go:137.52,139.3 1 1
github.com/Totarae/GophKeeper/internal/client/values/factory.go:140.2,140.16 1 1
github.com/Totarae/GophKeeper/internal/client/values/loginpassword.go:20.39,22.2 1 1
github.com/Totarae/GophKeeper/internal/client/values/loginpassword.go:24.51,26.16 2 1
github.com/Totarae/GophKeeper/internal/client/values/loginpassword.go:26.16,28.3 1 0
github.com/Totarae/GophKeeper/internal/client/values/loginpassword.go:29.2,29.65 1 1
github.com/Totarae/GophKeeper/internal/client/values/loginpassword.go:32.42,33.19 1 1
github.com/Totarae/GophKeeper/internal/client/values/loginpassword.go:33.19,35.3 1 1
github.com/Totarae/GophKeeper/internal/client/values/loginpassword.go:36.2,36.41 1 1
github.com/Totarae/GophKeeper/internal/client/values/loginpassword.go:36.41,38.3 1 1
github.com/Totarae/GophKeeper/internal/client/values/loginpassword.go:39.2,39.39 1 1
github.com/Totarae/GophKeeper/internal/client/values/loginpassword.go:39.39,41.3 1 0
github.com/Totarae/GophKeeper/internal/client/values/loginpassword.go:42.2,42.51 1 1
github.com/Totarae/GophKeeper/internal/client/values/loginpassword.go:42.51,44.3 1 0
github.com/Totarae/GophKeeper/internal/client/values/loginpassword.go:45.2,45.12 1 1
github.com/Totarae/GophKeeper/internal/client/values/loginpassword.go:48.41,50.2 1 1
github.com/Totarae/GophKeeper/internal/client/values/text.go:12.35,12.54 1 1
github.com/Totarae/GophKeeper/internal/client/values/text.go:14.47,16.16 2 1
github.com/Totarae/GophKeeper/internal/client/values/text.go:16.16,18.3 1 0
github.com/Totarae/GophKeeper/internal/client/values/text.go:19.2,19.56 1 1
github.com/Totarae/GophKeeper/internal/client/values/text.go:22.38,23.18 1 1
github.com/Totarae/GophKeeper/internal/client/values/text.go:23.18,25.3 1 1
github.com/Totarae/GophKeeper/internal/client/values/text.go:26.2,26.12 1 1
github.com/Totarae/GophKeeper/internal/client/values/text.go:29.37,31.2 1 1
github.com/Totarae/GophKeeper/internal/client/values/types.go:14.50,15.20 1 1
github.com/Totarae/GophKeeper/internal/client/values/types.go:15.20,17.3 1 1
github.com/Totarae/GophKeeper/internal/client/values/types.go:19.2,19.22 1 1
github.com/Totarae/GophKeeper/internal/client/values/types.go:22.54,23.11 1 1
github.com/Totarae/GophKeeper/internal/client/values/types.go:24.24,25.32 1 1
github.com/Totarae/GophKeeper/internal/client/values/types.go:26.14,27.23 1 1
github.com/Totarae/GophKeeper/internal/client/values/types.go:28.16,29.25 1 1
github.com/Totarae/GophKeeper/internal/client/values/types.go:30.14,31.23 1 1
github.com/Totarae/GophKeeper/internal/client/values/types.go:32.10,33.52 1 1
github.com/Totarae/GophKeeper/internal/client/command/get.go:20.83,25.2 1 1
github.com/Totarae/GophKeeper/internal/client/command/get.go:27.82,28.19 1 1
github.com/Totarae/GophKeeper/internal/client/command/get.go:28.19,30.3 1 1
github.com/Totarae/GophKeeper/internal/client/command/get.go:32.2,33.16 2 1
github.com/Totarae/GophKeeper/internal/client/command/get.go:33.16,35.3 1 1
github.com/Totarae/GophKeeper/internal/client/command/get.go:37.2,38.16 2 1
github.com/Totarae/GophKeeper/internal/client/command/get.go:38.16,40.3 1 1
github.com/Totarae/GophKeeper/internal/client/command/get.go:42.2,43.16 2 1
github.com/Totarae/GophKeeper/internal/client/command/get.go:43.16,45.3 1 0
github.com/Totarae/GophKeeper/internal/client/command/get.go:47.2,47.26 1 1
github.com/Totarae/GophKeeper/internal/client/command/login.go:17.85,22.2 1 1
github.com/Totarae/GophKeeper/internal/client/command/login.go:24.84,25.19 1 1
github.com/Totarae/GophKeeper/internal/client/command/login.go:25.19,27.3 1 1
github.com/Totarae/GophKeeper/internal/client/command/login.go:29.2,30.16 2 1
github.com/Totarae/GophKeeper/internal/client/command/login.go:30.16,32.3 1 1
github.com/Totarae/GophKeeper/internal/client/command/login.go:34.2,34.16 1 1
github.com/Totarae/GophKeeper/internal/client/command/register.go:17.87,22.2 1 1
github.com/Totarae/GophKeeper/internal/client/command/register.go:24.87,25.19 1 1
github.com/Totarae/GophKeeper/internal/client/command/register.go:25.19,27.3 1 1
github.com/Totarae/GophKeeper/internal/client/command/register.go:29.2,30.16 2 1
github.com/Totarae/GophKeeper/internal/client/command/register.go:30.16,32.3 1 1
github.com/Totarae/GophKeeper/internal/client/command/register.go:34.2,34.16 1 1
github.com/Totarae/GophKeeper/internal/client/command/set.go:21.79,26.2 1 1
github.com/Totarae/GophKeeper/internal/client/command/set.go:28.82,29.19 1 1
github.com/Totarae/GophKeeper/internal/client/command/set.go:29.19,31.3 1 1
github.com/Totarae/GophKeeper/internal/client/command/set.go:33.2,34.16 2 1
github.com/Totarae/GophKeeper/internal/client/command/set.go:34.16,36.3 1 1
github.com/Totarae/GophKeeper/internal/client/command/set.go:38.2,39.16 2 1
github.com/Totarae/GophKeeper/internal/client/command/set.go:39.16,41.3 1 0
github.com/Totarae/GophKeeper/internal/client/command/set.go:43.2,44.16 2 1
github.com/Totarae/GophKeeper/internal/client/command/set.go:44.16,46.3 1 0
github.com/Totarae/GophKeeper/internal/client/command/set.go:48.2,55.16 2 1
github.com/Totarae/GophKeeper/internal/client/command/set.go:55.16,57.3 1 1
github.com/Totarae/GophKeeper/internal/client/command/set.go:59.2,59.32 1 1
github.com/Totarae/GophKeeper/internal/common/buildlog/buildlog.go:5.42,9.2 3 1
github.com/Totarae/GophKeeper/internal/server/jwt/jwt.go:19.44,21.2 1 0
github.com/Totarae/GophKeeper/internal/server/jwt/jwt.go:27.36,31.2 1 1
github.com/Totarae/GophKeeper/internal/server/jwt/jwt.go:33.67,34.99 1 1
github.com/Totarae/GophKeeper/internal/server/jwt/jwt.go:34.99,36.3 1 1
github.com/Totarae/GophKeeper/internal/server/jwt/jwt.go:41.2,41.16 1 1
github.com/Totarae/GophKeeper/internal/server/jwt/jwt.go:41.16,43.3 1 0
github.com/Totarae/GophKeeper/internal/server/jwt/jwt.go:46.2,47.9 2 1
github.com/Totarae/GophKeeper/internal/server/jwt/jwt.go:47.9,49.3 1 0
github.com/Totarae/GophKeeper/internal/server/jwt/jwt.go:51.2,51.20 1 1
github.com/Totarae/GophKeeper/internal/server/jwt/jwt.go:55.86,68.2 3 1
github.com/Totarae/GophKeeper/internal/common/logger/log.go:12.31,13.17 1 1
github.com/Totarae/GophKeeper/internal/common/logger/log.go:13.17,15.17 2 1
github.com/Totarae/GophKeeper/internal/common/logger/log.go:15.17,16.14 1 0
github.com/Totarae/GophKeeper/internal/common/logger/log.go:19.3,22.17 4 1
github.com/Totarae/GophKeeper/internal/common/logger/log.go:22.17,23.14 1 0
github.com/Totarae/GophKeeper/internal/common/logger/log.go:26.3,26.30 1 1
github.com/Totarae/GophKeeper/internal/common/logger/log.go:30.51,34.2 3 1
github.com/Totarae/GophKeeper/internal/server/repository/user.go:15.52,17.2 1 1
github.com/Totarae/GophKeeper/internal/server/repository/user.go:19.91,25.2 2 1
github.com/Totarae/GophKeeper/internal/server/repository/user.go:27.76,34.35 3 1
github.com/Totarae/GophKeeper/internal/server/repository/user.go:34.35,36.3 1 1
github.com/Totarae/GophKeeper/internal/server/repository/user.go:37.2,37.16 1 1
github.com/Totarae/GophKeeper/internal/server/repository/user.go:37.16,39.3 1 1
github.com/Totarae/GophKeeper/internal/server/repository/user.go:40.2,40.16 1 1
github.com/Totarae/GophKeeper/internal/server/repository/user_data.go:15.60,17.2 1 1
github.com/Totarae/GophKeeper/internal/server/repository/user_data.go:19.85,21.16 2 1
github.com/Totarae/GophKeeper/internal/server/repository/user_data.go:21.16,23.3 1 0
github.com/Totarae/GophKeeper/internal/server/repository/user_data.go:24.2,24.15 1 1
github.com/Totarae/GophKeeper/internal/server/repository/user_data.go:24.15,25.17 1 1
github.com/Totarae/GophKeeper/internal/server/repository/user_data.go:25.17,27.4 1 1
github.com/Totarae/GophKeeper/internal/server/repository/user_data.go:27.9,29.4 1 1
github.com/Totarae/GophKeeper/internal/server/repository/user_data.go:32.2,38.50 3 1
github.com/Totarae/GophKeeper/internal/server/repository/user_data.go:38.50,40.3 1 1
github.com/Totarae/GophKeeper/internal/server/repository/user_data.go:42.2,42.35 1 1
github.com/Totarae/GophKeeper/internal/server/repository/user_data.go:42.35,45.17 2 1
github.com/Totarae/GophKeeper/internal/server/repository/user_data.go:45.17,47.4 1 0
github.com/Totarae/GophKeeper/internal/server/repository/user_data.go:48.8,49.44 1 1
github.com/Totarae/GophKeeper/internal/server/repository/user_data.go:49.44,51.4 1 1
github.com/Totarae/GophKeeper/internal/server/repository/user_data.go:53.3,54.17 2 1
github.com/Totarae/GophKeeper/internal/server/repository/user_data.go:54.17,56.4 1 0
github.com/Totarae/GophKeeper/internal/server/repository/user_data.go:59.2,59.12 1 1
github.com/Totarae/GophKeeper/internal/server/repository/user_data.go:62.121,67.16 2 1
github.com/Totarae/GophKeeper/internal/server/repository/user_data.go:67.16,69.3 1 1
github.com/Totarae/GophKeeper/internal/server/repository/user_data.go:70.2,70.23 1 1
github.com/Totarae/GophKeeper/internal/server/repository/user_data.go:70.23,72.3 1 0
github.com/Totarae/GophKeeper/internal/server/repository/user_data.go:74.2,77.18 3 1
github.com/Totarae/GophKeeper/internal/server/repository/user_data.go:77.18,87.17 3 1
github.com/Totarae/GophKeeper/internal/server/repository/user_data.go:87.17,89.4 1 1
github.com/Totarae/GophKeeper/internal/server/repository/user_data.go:90.3,90.29 1 1
github.com/Totarae/GophKeeper/internal/server/repository/user_data.go:92.2,92.20 1 1
github.com/Totarae/GophKeeper/internal/client/repository/meta.go:15.61,17.36 2 0
github.com/Totarae/GophKeeper/internal/client/repository/meta.go:17.36,19.3 1 0
github.com/Totarae/GophKeeper/internal/client/repository/meta.go:20.2,20.18 1 0
github.com/Totarae/GophKeeper/internal/client/repository/meta.go:23.78,27.2 3 1
github.com/Totarae/GophKeeper/internal/client/repository/meta.go:29.78,32.2 2 1
github.com/Totarae/GophKeeper/internal/client/repository/meta.go:34.85,38.2 3 1
github.com/Totarae/GophKeeper/internal/client/repository/meta.go:40.85,43.2 2 1
github.com/Totarae/GophKeeper/internal/client/repository/meta.go:45.39,46.75 1 1
github.com/Totarae/GophKeeper/internal/client/repository/meta.go:46.75,47.41 1 1
github.com/Totarae/GophKeeper/internal/client/repository/meta.go:47.41,49.4 1 0
github.com/Totarae/GophKeeper/internal/client/repository/meta.go:51.2,51.12 1 1
github.com/Totarae/GophKeeper/internal/client/repository/user_data.go:17.69,19.36 2 0
github.com/Totarae/GophKeeper/internal/client/repository/user_data.go:19.36,21.3 1 0
github.com/Totarae/GophKeeper/internal/client/repository/user_data.go:22.2,22.18 1 0
github.com/Totarae/GophKeeper/internal/client/repository/user_data.go:25.85,34.2 2 1
github.com/Totarae/GophKeeper/internal/client/repository/user_data.go:36.92,42.35 5 1
github.com/Totarae/GophKeeper/internal/client/repository/user_data.go:42.35,44.3 1 1
github.com/Totarae/GophKeeper/internal/client/repository/user_data.go:45.2,45.16 1 1
github.com/Totarae/GophKeeper/internal/client/repository/user_data.go:45.16,47.3 1 0
github.com/Totarae/GophKeeper/internal/client/repository/user_data.go:49.2,52.15 3 1
github.com/Totarae/GophKeeper/internal/client/repository/user_data.go:55.106,57.16 2 1
github.com/Totarae/GophKeeper/internal/client/repository/user_data.go:57.16,59.3 1 0
github.com/Totarae/GophKeeper/internal/client/repository/user_data.go:60.2,63.18 3 1
github.com/Totarae/GophKeeper/internal/client/repository/user_data.go:63.18,66.95 3 1
github.com/Totarae/GophKeeper/internal/client/repository/user_data.go:66.95,68.4 1 0
github.com/Totarae/GophKeeper/internal/client/repository/user_data.go:69.3,71.31 3 1
github.com/Totarae/GophKeeper/internal/client/repository/user_data.go:73.2,73.27 1 1
github.com/Totarae/GophKeeper/internal/client/repository/user_data.go:76.43,83.32 2 1
github.com/Totarae/GophKeeper/internal/client/repository/user_data.go:83.32,84.45 1 1
github.com/Totarae/GophKeeper/internal/client/repository/user_data.go:84.45,86.4 1 0
github.com/Totarae/GophKeeper/internal/client/repository/user_data.go:88.2,88.12 1 1
github.com/Totarae/GophKeeper/internal/client/manager/meta.go:30.67,32.2 1 0
github.com/Totarae/GophKeeper/internal/client/manager/meta.go:34.75,36.2 1 1
github.com/Totarae/GophKeeper/internal/client/manager/meta.go:38.75,40.2 1 1
github.com/Totarae/GophKeeper/internal/client/manager/meta.go:42.84,44.16 2 1
github.com/Totarae/GophKeeper/internal/client/manager/meta.go:44.16,46.3 1 1
github.com/Totarae/GophKeeper/internal/client/manager/meta.go:48.2,48.21 1 1
github.com/Totarae/GophKeeper/internal/client/manager/meta.go:51.90,53.16 2 1
github.com/Totarae/GophKeeper/internal/client/manager/meta.go:53.16,55.3 1 1
github.com/Totarae/GophKeeper/internal/client/manager/meta.go:57.2,57.67 1 1
github.com/Totarae/GophKeeper/internal/client/manager/meta.go:60.85,62.16 2 1
github.com/Totarae/GophKeeper/internal/client/manager/meta.go:62.16,64.3 1 0
github.com/Totarae/GophKeeper/internal/client/manager/meta.go:66.2,66.64 1 1
github.com/Totarae/GophKeeper/internal/client/manager/user_data.go:25.79,29.2 1 0
github.com/Totarae/GophKeeper/internal/client/manager/user_data.go:31.82,33.2 1 1
github.com/Totarae/GophKeeper/internal/client/manager/user_data.go:35.89,37.16 2 1
github.com/Totarae/GophKeeper/internal/client/manager/user_data.go:37.16,39.3 1 1
github.com/Totarae/GophKeeper/internal/client/manager/user_data.go:40.2,40.17 1 1
github.com/Totarae/GophKeeper/internal/client/manager/user_data.go:40.17,42.3 1 1
github.com/Totarae/GophKeeper/internal/client/manager/user_data.go:43.2,43.18 1 1
github.com/Totarae/GophKeeper/internal/client/manager/user_data.go:46.106,48.2 1 1
github.com/Totarae/GophKeeper/internal/server/manager/user.go:29.16,34.2 1 1
github.com/Totarae/GophKeeper/internal/server/manager/user.go:36.88,38.16 2 1
github.com/Totarae/GophKeeper/internal/server/manager/user.go:38.16,40.3 1 1
github.com/Totarae/GophKeeper/internal/server/manager/user.go:41.2,41.21 1 1
github.com/Totarae/GophKeeper/internal/server/manager/user.go:41.21,43.3 1 1
github.com/Totarae/GophKeeper/internal/server/manager/user.go:45.2,46.16 2 1
github.com/Totarae/GophKeeper/internal/server/manager/user.go:46.16,48.3 1 0
github.com/Totarae/GophKeeper/internal/server/manager/user.go:50.2,51.16 2 1
github.com/Totarae/GophKeeper/internal/server/manager/user.go:51.16,53.3 1 0
github.com/Totarae/GophKeeper/internal/server/manager/user.go:55.2,56.16 2 1
github.com/Totarae/GophKeeper/internal/server/manager/user.go:56.16,58.3 1 0
github.com/Totarae/GophKeeper/internal/server/manager/user.go:60.2,61.31 2 1
github.com/Totarae/GophKeeper/internal/server/manager/user.go:61.31,63.3 1 0
github.com/Totarae/GophKeeper/internal/server/manager/user.go:65.2,65.37 1 1
github.com/Totarae/GophKeeper/internal/server/manager/user.go:68.85,70.16 2 1
github.com/Totarae/GophKeeper/internal/server/manager/user.go:70.16,72.3 1 0
github.com/Totarae/GophKeeper/internal/server/manager/user.go:73.2,73.17 1 1
github.com/Totarae/GophKeeper/internal/server/manager/user.go:73.17,75.3 1 1
github.com/Totarae/GophKeeper/internal/server/manager/user.go:77.2,80.16 1 1
github.com/Totarae/GophKeeper/internal/server/manager/user.go:80.16,82.3 1 1
github.com/Totarae/GophKeeper/internal/server/manager/user.go:84.2,87.16 1 1
github.com/Totarae/GophKeeper/internal/server/manager/user.go:87.16,89.3 1 1
github.com/Totarae/GophKeeper/internal/server/manager/user.go:91.2,91.37 1 1
github.com/Totarae/GophKeeper/internal/server/manager/user.go:94.70,96.2 1 1
github.com/Totarae/GophKeeper/internal/server/manager/user_data.go:19.83,23.2 1 1
github.com/Totarae/GophKeeper/internal/server/manager/user_data.go:25.82,27.2 1 1
github.com/Totarae/GophKeeper/internal/server/manager/user_data.go:29.118,31.2 1 1
